{"target": 70.9076350609849, "params": {"generation_threshold": 0.5834044009405148, "m_rate": 0.7482920440979423, "polynomial_eta": 1.0004574992693795, "scale": 0.3720993153686558}, "datetime": {"datetime": "2024-10-18 19:03:46", "elapsed": 0.0, "delta": 0.0}}
{"target": 68.49952058628186, "params": {"generation_threshold": 0.5293511781634226, "m_rate": 0.183104735291918, "polynomial_eta": 1.7450408455106836, "scale": 0.411004654338743}, "datetime": {"datetime": "2024-10-18 19:10:09", "elapsed": 383.679391, "delta": 383.679391}}
{"target": 67.58182778116277, "params": {"generation_threshold": 0.579353494846134, "m_rate": 0.5849350606030213, "polynomial_eta": 2.676778057613179, "scale": 0.7166975503570835}, "datetime": {"datetime": "2024-10-18 19:16:58", "elapsed": 792.003101, "delta": 408.32371}}
{"target": 72.83637835883822, "params": {"generation_threshold": 0.5408904499463034, "m_rate": 0.8903056927518509, "polynomial_eta": 1.1095503727917047, "scale": 0.703420759160562}, "datetime": {"datetime": "2024-10-18 19:23:31", "elapsed": 1185.048922, "delta": 393.045821}}
{"target": 79.81194850881508, "params": {"generation_threshold": 0.5834609604734253, "m_rate": 0.6028208456011764, "polynomial_eta": 1.561547754380935, "scale": 0.2782913401763909}, "datetime": {"datetime": "2024-10-18 19:29:40", "elapsed": 1554.292851, "delta": 369.243929}}
{"target": 71.29439927056318, "params": {"generation_threshold": 0.6320275834317504, "m_rate": 0.2626472416466882, "polynomial_eta": 4.943034386462165, "scale": 0.8525711141295702}, "datetime": {"datetime": "2024-10-18 19:35:44", "elapsed": 1918.413363, "delta": 364.120512}}
{"target": 76.330537241449, "params": {"generation_threshold": 0.6661246651974904, "m_rate": 0.28034106083489574, "polynomial_eta": 2.759101603290493, "scale": 0.9774763409187668}, "datetime": {"datetime": "2024-10-18 19:41:54", "elapsed": 2288.143564, "delta": 369.730201}}
{"target": 70.49576486598494, "params": {"generation_threshold": 0.5716160112734792, "m_rate": 0.19200566825841192, "polynomial_eta": 2.7099121123947176, "scale": 0.8221224715976593}, "datetime": {"datetime": "2024-10-18 19:47:54", "elapsed": 2648.120314, "delta": 359.97675}}
{"target": 72.59497304081924, "params": {"generation_threshold": 0.5488991023504192, "m_rate": 0.17762576169719485, "polynomial_eta": 4.92165922124053, "scale": 0.26584867997955985}, "datetime": {"datetime": "2024-10-18 19:53:45", "elapsed": 2998.957706, "delta": 350.837392}}
{"target": 70.13056389151598, "params": {"generation_threshold": 0.5280690825961288, "m_rate": 0.7471129287665038, "polynomial_eta": 1.359401208754773, "scale": 0.2679313022683566}, "datetime": {"datetime": "2024-10-18 19:59:59", "elapsed": 3373.166519, "delta": 374.208813}}
{"target": 66.8791274077193, "params": {"generation_threshold": 0.5898292689592822, "m_rate": 0.8037145993893559, "polynomial_eta": 3.8146416187918883, "scale": 0.3710880530263222}, "datetime": {"datetime": "2024-10-18 20:06:23", "elapsed": 3756.802492, "delta": 383.635973}}
{"target": 70.39041409491091, "params": {"generation_threshold": 0.598455281694742, "m_rate": 0.8909293187494053, "polynomial_eta": 4.6188871489084065, "scale": 0.6009527904451221}, "datetime": {"datetime": "2024-10-18 20:13:04", "elapsed": 4158.52412, "delta": 401.721628}}
{"target": 70.11590420903742, "params": {"generation_threshold": 0.6168172715586336, "m_rate": 0.569904939186368, "polynomial_eta": 4.022673508890154, "scale": 0.3598691389996508}, "datetime": {"datetime": "2024-10-18 20:19:38", "elapsed": 4552.45281, "delta": 393.92869}}
{"target": 89.30524356683405, "params": {"generation_threshold": 0.5834668121353084, "m_rate": 0.6028407887732495, "polynomial_eta": 1.5617204060522027, "scale": 0.2783275786340998}, "datetime": {"datetime": "2024-10-18 20:26:20", "elapsed": 4953.915769, "delta": 401.462959}}
{"target": 70.71542994062142, "params": {"generation_threshold": 0.5834704025470193, "m_rate": 0.6028442358223977, "polynomial_eta": 1.5617223016896447, "scale": 0.27833085994277684}, "datetime": {"datetime": "2024-10-18 20:32:55", "elapsed": 5349.630372, "delta": 395.714603}}
{"target": 72.09660535831422, "params": {"generation_threshold": 0.5834630554873815, "m_rate": 0.6028371814960078, "polynomial_eta": 1.5617184213175739, "scale": 0.2783241446877833}, "datetime": {"datetime": "2024-10-18 20:39:40", "elapsed": 5754.491115, "delta": 404.860743}}
{"target": 76.31107373048384, "params": {"generation_threshold": 0.5834656402323599, "m_rate": 0.6028400085763518, "polynomial_eta": 1.561723802484078, "scale": 0.27832724830724276}, "datetime": {"datetime": "2024-10-18 20:46:23", "elapsed": 6157.080464, "delta": 402.589349}}
{"target": 75.52279398686353, "params": {"generation_threshold": 0.5834682503667101, "m_rate": 0.6028416419758221, "polynomial_eta": 1.561714991975879, "scale": 0.27832775781773683}, "datetime": {"datetime": "2024-10-18 20:53:07", "elapsed": 6561.169472, "delta": 404.089008}}
{"target": 76.30020581053607, "params": {"generation_threshold": 0.5834654787230913, "m_rate": 0.6028408723017028, "polynomial_eta": 1.5617193078177327, "scale": 0.2783292761576701}, "datetime": {"datetime": "2024-10-18 21:00:28", "elapsed": 7001.798875, "delta": 440.629403}}
{"target": 78.19206914688233, "params": {"generation_threshold": 0.5834705342236508, "m_rate": 0.6028407413193131, "polynomial_eta": 1.5617203894707024, "scale": 0.2783232366504475}, "datetime": {"datetime": "2024-10-18 21:08:09", "elapsed": 7463.070631, "delta": 461.271756}}
