{"target": 56.40739872432781, "params": {"m_rate": 0.21434078230426126}, "datetime": {"datetime": "2024-10-18 11:55:10", "elapsed": 0.0, "delta": 0.0}}
{"target": 65.7179786512245, "params": {"m_rate": 0.36295900178665746}, "datetime": {"datetime": "2024-10-18 12:00:41", "elapsed": 330.976434, "delta": 330.976434}}
{"target": 50.64680965001536, "params": {"m_rate": 0.010056043660498995}, "datetime": {"datetime": "2024-10-18 12:05:45", "elapsed": 634.414362, "delta": 303.437928}}
{"target": 66.23338984481275, "params": {"m_rate": 0.1581429605896015}, "datetime": {"datetime": "2024-10-18 12:10:35", "elapsed": 924.823915, "delta": 290.409553}}
{"target": 54.528915933282214, "params": {"m_rate": 0.08191038650038539}, "datetime": {"datetime": "2024-10-18 12:15:49", "elapsed": 1238.953615, "delta": 314.1297}}
{"target": 53.64680965001536, "params": {"m_rate": 0.15813114061157815}, "datetime": {"datetime": "2024-10-18 12:21:20", "elapsed": 1570.068341, "delta": 331.114726}}
{"target": 67.55010342976607, "params": {"m_rate": 0.3629477357581035}, "datetime": {"datetime": "2024-10-18 12:27:34", "elapsed": 1943.880616, "delta": 373.812275}}
{"target": 62.48856085264506, "params": {"m_rate": 0.15815581462869036}, "datetime": {"datetime": "2024-10-18 12:33:31", "elapsed": 2301.02017, "delta": 357.139554}}
{"target": 74.11176076595339, "params": {"m_rate": 0.15818713167573764}, "datetime": {"datetime": "2024-10-18 12:39:48", "elapsed": 2677.825994, "delta": 376.805824}}
{"target": 62.66117452999197, "params": {"m_rate": 0.15817813910684503}, "datetime": {"datetime": "2024-10-18 12:46:29", "elapsed": 3079.019443, "delta": 401.193449}}
{"target": 72.81563223694543, "params": {"m_rate": 0.36293263847957785}, "datetime": {"datetime": "2024-10-18 12:53:25", "elapsed": 3495.208324, "delta": 416.188881}}
{"target": 59.39364069033943, "params": {"m_rate": 0.15820518304810313}, "datetime": {"datetime": "2024-10-18 12:59:50", "elapsed": 3879.657969, "delta": 384.449645}}
{"target": 68.85422871827473, "params": {"m_rate": 0.3629792495570615}, "datetime": {"datetime": "2024-10-18 13:06:47", "elapsed": 4297.091218, "delta": 417.433249}}
{"target": 56.636103133541326, "params": {"m_rate": 0.36299355846070774}, "datetime": {"datetime": "2024-10-18 13:13:25", "elapsed": 4695.195096, "delta": 398.103878}}
{"target": 50.40641106928425, "params": {"m_rate": 0.15819370388364004}, "datetime": {"datetime": "2024-10-18 13:20:44", "elapsed": 5133.646519, "delta": 438.451423}}
{"target": 71.68706353011714, "params": {"m_rate": 0.36290600908220855}, "datetime": {"datetime": "2024-10-18 13:28:45", "elapsed": 5614.559399, "delta": 480.91288}}
{"target": 82.8347937140923, "params": {"m_rate": 0.3629196456140835}, "datetime": {"datetime": "2024-10-18 13:36:28", "elapsed": 6078.226412, "delta": 463.667013}}
{"target": 67.18599212107017, "params": {"m_rate": 0.36288808543203627}, "datetime": {"datetime": "2024-10-18 13:45:18", "elapsed": 6608.158057, "delta": 529.931645}}
{"target": 78.73950869144117, "params": {"m_rate": 0.3628680678674749}, "datetime": {"datetime": "2024-10-18 13:55:26", "elapsed": 7216.049172, "delta": 607.891115}}
{"target": 73.42398063332587, "params": {"m_rate": 0.3628755341663365}, "datetime": {"datetime": "2024-10-18 14:05:02", "elapsed": 7791.344714, "delta": 575.295542}}
