{"target": 72.52509459973916, "params": {"m_rate": 0.21434078230426126, "p_gaussian": 0.36295900178665746, "pop_size": 50.02287496346898}, "datetime": {"datetime": "2024-10-18 15:29:16", "elapsed": 0.0, "delta": 0.0}}
{"target": 69.85608886364193, "params": {"m_rate": 0.1581429605896015, "p_gaussian": 0.08191038650038539, "pop_size": 68.46771895375956}, "datetime": {"datetime": "2024-10-18 15:35:40", "elapsed": 383.30382, "delta": 383.30382}}
{"target": 76.70479096614933, "params": {"m_rate": 0.10126750357505873, "p_gaussian": 0.1793247562510934, "pop_size": 129.35349484613397}, "datetime": {"datetime": "2024-10-18 15:50:47", "elapsed": 1290.924415, "delta": 907.620595}}
{"target": 77.07618068359125, "params": {"m_rate": 0.2740201996616449, "p_gaussian": 0.21540531205761446, "pop_size": 187.04390007935189}, "datetime": {"datetime": "2024-10-18 16:08:24", "elapsed": 2348.062977, "delta": 1057.138562}}
{"target": 78.87670742949499, "params": {"m_rate": 0.11018160236844353, "p_gaussian": 0.44027754383156326, "pop_size": 55.477518639585234}, "datetime": {"datetime": "2024-10-18 16:13:27", "elapsed": 2650.893843, "delta": 302.830866}}
{"target": 77.11857148733122, "params": {"m_rate": 0.10905304603938631, "p_gaussian": 0.3215043156608151, "pop_size": 55.61059006406402}, "datetime": {"datetime": "2024-10-18 16:18:34", "elapsed": 2957.267679, "delta": 306.373836}}
{"target": 76.74382445461738, "params": {"m_rate": 0.09507958293480599, "p_gaussian": 0.1667518311087464, "pop_size": 129.32702303667483}, "datetime": {"datetime": "2024-10-18 16:30:29", "elapsed": 3672.42099, "delta": 715.153311}}
